<?xml version="1.0" encoding="UTF-8"?>
<testng-results ignored="0" total="1" passed="1" failed="0" skipped="0">
  <reporter-output>
  </reporter-output>
  <suite started-at="2023-07-31T18:25:46 IST" name="Default suite" finished-at="2023-07-31T18:26:57 IST" duration-ms="71045">
    <groups>
    </groups>
    <test started-at="2023-07-31T18:25:46 IST" name="Default test" finished-at="2023-07-31T18:26:57 IST" duration-ms="71045">
      <class name="Sample.Demo.OpenURLsFromCSV">
        <test-method is-config="true" signature="launchBrowser()[pri:0, instance:Sample.Demo.OpenURLsFromCSV@82de64a]" started-at="2023-07-31T18:25:46 IST" name="launchBrowser" finished-at="2023-07-31T18:25:49 IST" duration-ms="2410" status="PASS">
          <reporter-output>
          </reporter-output>
        </test-method> <!-- launchBrowser -->
        <test-method signature="demoTest()[pri:0, instance:Sample.Demo.OpenURLsFromCSV@82de64a]" started-at="2023-07-31T18:25:49 IST" name="demoTest" finished-at="2023-07-31T18:26:57 IST" duration-ms="68589" status="PASS">
          <reporter-output>
          </reporter-output>
        </test-method> <!-- demoTest -->
        <test-method is-config="true" signature="closeBrowser()[pri:0, instance:Sample.Demo.OpenURLsFromCSV@82de64a]" started-at="2023-07-31T18:26:57 IST" name="closeBrowser" finished-at="2023-07-31T18:26:57 IST" duration-ms="0" status="PASS">
          <reporter-output>
          </reporter-output>
        </test-method> <!-- closeBrowser -->
      </class> <!-- Sample.Demo.OpenURLsFromCSV -->
    </test> <!-- Default test -->
  </suite> <!-- Default suite -->
</testng-results>
